2026-06-12 15:40:37.799 WARNING (SyncWorker_0) [homeassistant.loader] We found a custom integration handballnet which has not been tested by Home Assistant. This component might cause stability problems, be sure to disable it if you experience issues with Home Assistant
2026-06-12 15:40:38.073 WARNING (MainThread) [asyncio] Executing <Task pending name='Task-1' coro=<setup_and_run_hass() running at /usr/local/lib/python3.14/site-packages/homeassistant/runner.py:256> wait_for=<_GatheringFuture pending cb=[Task.task_wakeup()] created at /usr/local/lib/python3.14/asyncio/tasks.py:749> cb=[_run_until_complete_cb() at /usr/local/lib/python3.14/asyncio/base_events.py:181] created at /usr/local/lib/python3.14/asyncio/tasks.py:732> took 0.115 seconds
2026-06-12 15:40:38.079 INFO (MainThread) [homeassistant.setup] Setup of domain system_log took 0.01 seconds
2026-06-12 15:40:38.081 INFO (MainThread) [homeassistant.setup] Setup of domain logger took 0.01 seconds
2026-06-12 15:40:38.085 WARNING (MainThread) [aiohttp_fast_zlib] zlib_ng and isal are not available, falling back to zlib, performance will be degraded.
2026-06-12 15:40:38.097 INFO (MainThread) [homeassistant.setup] Setup of domain http took 0.03 seconds
2026-06-12 15:40:38.100 INFO (MainThread) [homeassistant.setup] Setting up websocket_api
2026-06-12 15:40:38.103 INFO (MainThread) [homeassistant.setup] Setup of domain websocket_api took 0.00 seconds
2026-06-12 15:40:38.126 INFO (MainThread) [homeassistant.setup] Setting up network
2026-06-12 15:40:38.131 INFO (MainThread) [homeassistant.setup] Setup of domain network took 0.00 seconds
2026-06-12 15:40:38.133 INFO (MainThread) [homeassistant.bootstrap] Setting up stage labs: {'labs'}; already set up: {}
Dependencies: {}; already set up: {}
2026-06-12 15:40:38.135 INFO (MainThread) [homeassistant.setup] Setting up labs
2026-06-12 15:40:38.139 INFO (MainThread) [homeassistant.setup] Setup of domain labs took 0.00 seconds
2026-06-12 15:40:38.140 INFO (MainThread) [homeassistant.bootstrap] Setting up stage frontend: {'frontend'}; already set up: {}
Dependencies: {'device_automation', 'lovelace', 'api', 'auth', 'onboarding', 'search', 'file_upload', 'diagnostics', 'config', 'repairs'}; already set up: {'system_log', 'http', 'websocket_api'}
2026-06-12 15:40:38.143 INFO (MainThread) [homeassistant.setup] Setting up device_automation
2026-06-12 15:40:38.146 INFO (MainThread) [homeassistant.setup] Setup of domain device_automation took 0.00 seconds
2026-06-12 15:40:38.167 INFO (MainThread) [homeassistant.setup] Setting up auth
2026-06-12 15:40:38.171 INFO (MainThread) [homeassistant.setup] Setup of domain auth took 0.00 seconds
2026-06-12 15:40:38.174 INFO (MainThread) [homeassistant.setup] Setting up onboarding
2026-06-12 15:40:38.182 INFO (MainThread) [homeassistant.setup] Setup of domain onboarding took 0.01 seconds
2026-06-12 15:40:38.186 INFO (MainThread) [homeassistant.setup] Setting up lovelace
2026-06-12 15:40:38.192 INFO (MainThread) [homeassistant.setup] Setup of domain lovelace took 0.01 seconds
2026-06-12 15:40:38.196 INFO (MainThread) [homeassistant.setup] Setting up api
2026-06-12 15:40:38.201 INFO (MainThread) [homeassistant.setup] Setup of domain api took 0.01 seconds
2026-06-12 15:40:38.207 INFO (MainThread) [homeassistant.setup] Setting up search
2026-06-12 15:40:38.209 INFO (MainThread) [homeassistant.setup] Setup of domain search took 0.00 seconds
2026-06-12 15:40:38.218 INFO (MainThread) [homeassistant.setup] Setting up config
2026-06-12 15:40:38.232 INFO (MainThread) [homeassistant.setup] Setup of domain config took 0.01 seconds
2026-06-12 15:40:38.235 INFO (MainThread) [homeassistant.setup] Setting up diagnostics
2026-06-12 15:40:38.240 INFO (MainThread) [homeassistant.setup] Setup of domain diagnostics took 0.00 seconds
2026-06-12 15:40:38.246 INFO (MainThread) [homeassistant.setup] Setting up file_upload
2026-06-12 15:40:38.248 INFO (MainThread) [homeassistant.setup] Setup of domain file_upload took 0.00 seconds
2026-06-12 15:40:38.249 INFO (MainThread) [homeassistant.setup] Setting up repairs
2026-06-12 15:40:38.251 INFO (MainThread) [homeassistant.setup] Setup of domain repairs took 0.00 seconds
2026-06-12 15:40:38.256 WARNING (MainThread) [asyncio] Executing <Task pending name='Task-1' coro=<setup_and_run_hass() running at /usr/local/lib/python3.14/site-packages/homeassistant/runner.py:256> wait_for=<_GatheringFuture pending cb=[Task.task_wakeup()] created at /usr/local/lib/python3.14/asyncio/tasks.py:749> cb=[_run_until_complete_cb() at /usr/local/lib/python3.14/asyncio/base_events.py:181] created at /usr/local/lib/python3.14/asyncio/tasks.py:732> took 0.124 seconds
2026-06-12 15:40:38.268 INFO (MainThread) [homeassistant.setup] Setting up frontend
2026-06-12 15:40:38.284 INFO (MainThread) [homeassistant.setup] Setup of domain frontend took 0.02 seconds
2026-06-12 15:40:38.288 INFO (MainThread) [homeassistant.bootstrap] Nothing to set up in stage recorder: {'recorder'}
2026-06-12 15:40:38.288 INFO (MainThread) [homeassistant.bootstrap] Nothing to set up in stage debugger: {'debugpy'}
2026-06-12 15:40:38.289 INFO (MainThread) [homeassistant.bootstrap] Nothing to set up in stage zeroconf: {'zeroconf'}
2026-06-12 15:40:38.289 INFO (MainThread) [homeassistant.bootstrap] Nothing to set up in stage 1: {'cloud', 'ssdp', 'usb', 'dhcp', 'bluetooth', 'hassio', 'mqtt_eventstream'}
2026-06-12 15:40:38.289 INFO (MainThread) [homeassistant.bootstrap] Setting up stage 2: {'input_button', 'battery', 'media_player', 'tts', 'input_text', 'binary_sensor', 'application_credentials', 'ai_task', 'datetime', 'input_datetime', 'input_number', 'conversation', 'image', 'light', 'occupancy', 'hardware', 'backup', 'scene', 'temperature', 'device_tracker', 'weather', 'image_processing', 'automation', 'siren', 'sensor', 'text', 'humidifier', 'update', 'camera', 'water_heater', 'schedule', 'power', 'sun', 'window', 'select', 'system_health', 'cover', 'assist_satellite', 'gate', 'stt', 'infrared', 'event', 'illuminance', 'door', 'input_boolean', 'number', 'person', 'moisture', 'garage_door', 'valve', 'lock', 'air_quality', 'brands', 'timer', 'tag', 'zone', 'counter', 'vacuum', 'geo_location', 'alarm_control_panel', 'humidity', 'input_select', 'motion', 'notify', 'wake_word', 'script', 'button', 'switch', 'analytics', 'lawn_mower', 'date', 'fan', 'remote', 'time', 'climate'}; already set up: {'labs', 'logger', 'frontend', 'homeassistant', 'network'}
Dependencies: {'intent', 'image_upload', 'media_source', 'web_rtc', 'blueprint', 'ffmpeg', 'trace', 'assist_pipeline'}; already set up: {'device_automation', 'api', 'auth', 'websocket_api', 'http', 'repairs'}
2026-06-12 15:40:38.290 INFO (MainThread) [homeassistant.setup] Setting up media_player
2026-06-12 15:40:38.295 INFO (MainThread) [homeassistant.setup] Setup of domain media_player took 0.01 seconds
2026-06-12 15:40:38.310 INFO (MainThread) [homeassistant.setup] Setting up binary_sensor
2026-06-12 15:40:38.311 INFO (MainThread) [homeassistant.setup] Setup of domain binary_sensor took 0.00 seconds
2026-06-12 15:40:38.343 INFO (MainThread) [homeassistant.setup] Setting up scene
2026-06-12 15:40:38.348 INFO (MainThread) [homeassistant.components.scene] Setting up homeassistant.scene
2026-06-12 15:40:38.352 INFO (MainThread) [homeassistant.setup] Setup of domain scene took 0.01 seconds
2026-06-12 15:40:38.357 INFO (MainThread) [homeassistant.setup] Setting up zone
2026-06-12 15:40:38.380 INFO (MainThread) [homeassistant.setup] Setup of domain zone took 0.02 seconds
2026-06-12 15:40:38.388 INFO (MainThread) [homeassistant.setup] Setting up device_tracker
2026-06-12 15:40:38.397 INFO (MainThread) [homeassistant.setup] Setup of domain device_tracker took 0.01 seconds
2026-06-12 15:40:38.436 INFO (MainThread) [homeassistant.setup] Setting up sensor
2026-06-12 15:40:38.436 INFO (MainThread) [homeassistant.setup] Setup of domain sensor took 0.00 seconds
2026-06-12 15:40:38.472 INFO (MainThread) [homeassistant.setup] Setting up climate
2026-06-12 15:40:38.475 INFO (MainThread) [homeassistant.setup] Setup of domain climate took 0.00 seconds
2026-06-12 15:40:38.489 INFO (MainThread) [homeassistant.setup] Setting up water_heater
2026-06-12 15:40:38.500 INFO (MainThread) [homeassistant.setup] Setup of domain water_heater took 0.01 seconds
2026-06-12 15:40:38.531 INFO (MainThread) [homeassistant.setup] Setting up cover
2026-06-12 15:40:38.535 INFO (MainThread) [homeassistant.setup] Setup of domain cover took 0.00 seconds
2026-06-12 15:40:38.599 INFO (MainThread) [homeassistant.setup] Setting up event
2026-06-12 15:40:38.599 INFO (MainThread) [homeassistant.setup] Setup of domain event took 0.00 seconds
2026-06-12 15:40:38.624 INFO (MainThread) [homeassistant.setup] Setting up number
2026-06-12 15:40:38.626 INFO (MainThread) [homeassistant.setup] Setup of domain number took 0.00 seconds
2026-06-12 15:40:38.630 INFO (MainThread) [homeassistant.setup] Setting up valve
2026-06-12 15:40:38.633 INFO (MainThread) [homeassistant.setup] Setup of domain valve took 0.00 seconds
2026-06-12 15:40:38.651 INFO (MainThread) [homeassistant.setup] Setting up lock
2026-06-12 15:40:38.654 INFO (MainThread) [homeassistant.setup] Setup of domain lock took 0.00 seconds
2026-06-12 15:40:38.679 INFO (MainThread) [homeassistant.setup] Setting up vacuum
2026-06-12 15:40:38.680 INFO (MainThread) [homeassistant.setup] Setup of domain vacuum took 0.00 seconds
2026-06-12 15:40:38.693 INFO (MainThread) [homeassistant.setup] Setting up alarm_control_panel
2026-06-12 15:40:38.693 INFO (MainThread) [homeassistant.setup] Setup of domain alarm_control_panel took 0.00 seconds
2026-06-12 15:40:38.695 INFO (MainThread) [homeassistant.setup] Setting up notify
2026-06-12 15:40:38.696 INFO (MainThread) [homeassistant.setup] Setup of domain notify took 0.00 seconds
2026-06-12 15:40:38.697 INFO (MainThread) [homeassistant.setup] Setting up button
2026-06-12 15:40:38.697 INFO (MainThread) [homeassistant.setup] Setup of domain button took 0.00 seconds
2026-06-12 15:40:38.709 INFO (MainThread) [homeassistant.setup] Setting up switch
2026-06-12 15:40:38.711 INFO (MainThread) [homeassistant.setup] Setup of domain switch took 0.00 seconds
2026-06-12 15:40:38.749 INFO (MainThread) [homeassistant.setup] Setting up fan
2026-06-12 15:40:38.752 INFO (MainThread) [homeassistant.setup] Setup of domain fan took 0.00 seconds
2026-06-12 15:40:38.780 INFO (MainThread) [homeassistant.setup] Setting up light
2026-06-12 15:40:38.789 INFO (MainThread) [homeassistant.setup] Setup of domain light took 0.01 seconds
2026-06-12 15:40:38.798 INFO (MainThread) [homeassistant.setup] Setting up input_button
2026-06-12 15:40:38.812 INFO (MainThread) [homeassistant.setup] Setup of domain input_button took 0.01 seconds
2026-06-12 15:40:38.845 INFO (MainThread) [homeassistant.setup] Setting up input_number
2026-06-12 15:40:38.848 INFO (MainThread) [homeassistant.setup] Setup of domain input_number took 0.00 seconds
2026-06-12 15:40:38.878 INFO (MainThread) [homeassistant.setup] Setting up backup
2026-06-12 15:40:38.896 INFO (MainThread) [homeassistant.setup] Setting up blueprint
2026-06-12 15:40:38.897 INFO (MainThread) [homeassistant.setup] Setup of domain blueprint took 0.00 seconds
2026-06-12 15:40:38.900 INFO (MainThread) [homeassistant.setup] Setting up trace
2026-06-12 15:40:38.906 INFO (MainThread) [homeassistant.setup] Setup of domain trace took 0.00 seconds
2026-06-12 15:40:38.919 INFO (MainThread) [homeassistant.setup] Setting up automation
2026-06-12 15:40:38.941 INFO (MainThread) [homeassistant.setup] Setup of domain automation took 0.02 seconds
2026-06-12 15:40:38.961 INFO (MainThread) [homeassistant.setup] Setting up system_health
2026-06-12 15:40:38.962 INFO (MainThread) [homeassistant.setup] Setup of domain system_health took 0.00 seconds
2026-06-12 15:40:39.000 INFO (MainThread) [homeassistant.setup] Setting up image_upload
2026-06-12 15:40:39.006 INFO (MainThread) [homeassistant.setup] Setup of domain image_upload took 0.01 seconds
2026-06-12 15:40:39.011 INFO (MainThread) [homeassistant.setup] Setting up person
2026-06-12 15:40:39.019 INFO (MainThread) [homeassistant.setup] Setup of domain person took 0.01 seconds
2026-06-12 15:40:39.072 INFO (MainThread) [homeassistant.setup] Setting up script
2026-06-12 15:40:39.073 INFO (MainThread) [homeassistant.setup] Setup of domain script took 0.00 seconds
2026-06-12 15:40:39.088 WARNING (MainThread) [asyncio] Executing <Task pending name='Task-1' coro=<setup_and_run_hass() running at /usr/local/lib/python3.14/site-packages/homeassistant/runner.py:256> wait_for=<_GatheringFuture pending cb=[Task.task_wakeup()] created at /usr/local/lib/python3.14/asyncio/tasks.py:749> cb=[_run_until_complete_cb() at /usr/local/lib/python3.14/asyncio/base_events.py:181] created at /usr/local/lib/python3.14/asyncio/tasks.py:732> took 0.800 seconds
2026-06-12 15:40:39.100 INFO (MainThread) [asyncio] <Server sockets=(<asyncio.TransportSocket fd=10, family=10, type=1, proto=6, laddr=('::', 8123, 0, 0)>, <asyncio.TransportSocket fd=11, family=2, type=1, proto=6, laddr=('0.0.0.0', 8123)>)> is serving
2026-06-12 15:40:39.101 INFO (MainThread) [homeassistant.components.http] Now listening on port 8123
2026-06-12 15:40:39.104 INFO (MainThread) [homeassistant.setup] Setup of domain http took 0.82 seconds
2026-06-12 15:40:39.115 INFO (MainThread) [homeassistant.setup] Setting up ffmpeg
2026-06-12 15:40:39.130 ERROR (MainThread) [haffmpeg.core] FFmpeg fails [Errno 13] Permission denied: 'ffmpeg'
Traceback (most recent call last):
  File "/home/vscode/.local/lib/python3.14/site-packages/haffmpeg/core.py", line 130, in open
    self._proc = await asyncio.create_subprocess_exec(
                 ^^^^^^^^^^^^^^^^^^^^^^^^^^^^^^^^^^^^^
    ...<6 lines>...
    )
    ^
  File "/usr/local/lib/python3.14/asyncio/subprocess.py", line 224, in create_subprocess_exec
    transport, protocol = await loop.subprocess_exec(
                          ^^^^^^^^^^^^^^^^^^^^^^^^^^^
    ...<3 lines>...
        stderr=stderr, **kwds)
        ^^^^^^^^^^^^^^^^^^^^^^
  File "/usr/local/lib/python3.14/asyncio/base_events.py", line 1809, in subprocess_exec
    transport = await self._make_subprocess_transport(
                ^^^^^^^^^^^^^^^^^^^^^^^^^^^^^^^^^^^^^^
        protocol, popen_args, False, stdin, stdout, stderr,
        ^^^^^^^^^^^^^^^^^^^^^^^^^^^^^^^^^^^^^^^^^^^^^^^^^^^
        bufsize, **kwargs)
        ^^^^^^^^^^^^^^^^^^
  File "/usr/local/lib/python3.14/asyncio/unix_events.py", line 202, in _make_subprocess_transport
    transp = _UnixSubprocessTransport(self, protocol, args, shell,
                                    stdin, stdout, stderr, bufsize,
                                    waiter=waiter, extra=extra,
                                    **kwargs)
  File "/usr/local/lib/python3.14/asyncio/base_subprocess.py", line 40, in __init__
    self._start(args=args, shell=shell, stdin=stdin, stdout=stdout,
    ~~~~~~~~~~~^^^^^^^^^^^^^^^^^^^^^^^^^^^^^^^^^^^^^^^^^^^^^^^^^^^^
                stderr=stderr, bufsize=bufsize, **kwargs)
                ^^^^^^^^^^^^^^^^^^^^^^^^^^^^^^^^^^^^^^^^^
  File "/usr/local/lib/python3.14/asyncio/unix_events.py", line 844, in _start
    self._proc = subprocess.Popen(
                 ~~~~~~~~~~~~~~~~^
        args, shell=shell, stdin=stdin, stdout=stdout, stderr=stderr,
        ^^^^^^^^^^^^^^^^^^^^^^^^^^^^^^^^^^^^^^^^^^^^^^^^^^^^^^^^^^^^^
        universal_newlines=False, bufsize=bufsize, **kwargs)
        ^^^^^^^^^^^^^^^^^^^^^^^^^^^^^^^^^^^^^^^^^^^^^^^^^^^^
  File "/usr/local/lib/python3.14/subprocess.py", line 1039, in __init__
    self._execute_child(args, executable, preexec_fn, close_fds,
    ~~~~~~~~~~~~~~~~~~~^^^^^^^^^^^^^^^^^^^^^^^^^^^^^^^^^^^^^^^^^
                        pass_fds, cwd, env,
                        ^^^^^^^^^^^^^^^^^^^
    ...<5 lines>...
                        gid, gids, uid, umask,
                        ^^^^^^^^^^^^^^^^^^^^^^
                        start_new_session, process_group)
                        ^^^^^^^^^^^^^^^^^^^^^^^^^^^^^^^^^
  File "/usr/local/lib/python3.14/subprocess.py", line 1990, in _execute_child
    raise child_exception_type(errno_num, err_msg, err_filename)
PermissionError: [Errno 13] Permission denied: 'ffmpeg'
2026-06-12 15:40:39.144 WARNING (MainThread) [haffmpeg.tools] Error starting FFmpeg.
2026-06-12 15:40:39.144 INFO (MainThread) [homeassistant.setup] Setup of domain ffmpeg took 0.03 seconds
2026-06-12 15:40:39.147 INFO (MainThread) [homeassistant.setup] Setting up datetime
2026-06-12 15:40:39.150 INFO (MainThread) [homeassistant.setup] Setup of domain datetime took 0.00 seconds
2026-06-12 15:40:39.153 INFO (MainThread) [homeassistant.setup] Setting up intent
2026-06-12 15:40:39.166 INFO (MainThread) [homeassistant.setup] Setup of domain intent took 0.01 seconds
2026-06-12 15:40:39.172 INFO (MainThread) [homeassistant.setup] Setup of domain backup took 0.29 seconds
2026-06-12 15:40:39.188 INFO (MainThread) [homeassistant.setup] Setting up image
2026-06-12 15:40:39.190 INFO (MainThread) [homeassistant.setup] Setup of domain image took 0.00 seconds
2026-06-12 15:40:39.219 INFO (MainThread) [homeassistant.setup] Setting up weather
2026-06-12 15:40:39.221 INFO (MainThread) [homeassistant.setup] Setup of domain weather took 0.00 seconds
2026-06-12 15:40:39.234 INFO (MainThread) [homeassistant.setup] Setting up web_rtc
2026-06-12 15:40:39.236 INFO (MainThread) [homeassistant.setup] Setup of domain web_rtc took 0.00 seconds
2026-06-12 15:40:39.237 INFO (MainThread) [homeassistant.setup] Setting up siren
2026-06-12 15:40:39.239 INFO (MainThread) [homeassistant.setup] Setup of domain siren took 0.00 seconds
2026-06-12 15:40:39.256 INFO (MainThread) [homeassistant.setup] Setting up text
2026-06-12 15:40:39.258 INFO (MainThread) [homeassistant.setup] Setup of domain text took 0.00 seconds
2026-06-12 15:40:39.277 INFO (MainThread) [homeassistant.setup] Setting up humidifier
2026-06-12 15:40:39.278 INFO (MainThread) [homeassistant.setup] Setup of domain humidifier took 0.00 seconds
2026-06-12 15:40:39.285 INFO (MainThread) [homeassistant.setup] Setting up update
2026-06-12 15:40:39.286 INFO (MainThread) [homeassistant.setup] Setup of domain update took 0.00 seconds
2026-06-12 15:40:39.302 INFO (MainThread) [homeassistant.setup] Setting up select
2026-06-12 15:40:39.304 INFO (MainThread) [homeassistant.setup] Setup of domain select took 0.00 seconds
2026-06-12 15:40:39.306 INFO (MainThread) [homeassistant.setup] Setting up stt
2026-06-12 15:40:39.309 INFO (MainThread) [homeassistant.setup] Setup of domain stt took 0.00 seconds
2026-06-12 15:40:39.313 INFO (MainThread) [homeassistant.setup] Setting up wake_word
2026-06-12 15:40:39.318 INFO (MainThread) [homeassistant.setup] Setup of domain wake_word took 0.00 seconds
2026-06-12 15:40:39.334 INFO (MainThread) [homeassistant.setup] Setting up infrared
2026-06-12 15:40:39.339 INFO (MainThread) [homeassistant.setup] Setup of domain infrared took 0.00 seconds
2026-06-12 15:40:39.366 INFO (MainThread) [homeassistant.setup] Setting up air_quality
2026-06-12 15:40:39.366 INFO (MainThread) [homeassistant.setup] Setup of domain air_quality took 0.00 seconds
2026-06-12 15:40:39.373 INFO (MainThread) [homeassistant.setup] Setting up geo_location
2026-06-12 15:40:39.375 INFO (MainThread) [homeassistant.setup] Setup of domain geo_location took 0.00 seconds
2026-06-12 15:40:39.410 INFO (MainThread) [homeassistant.setup] Setting up lawn_mower
2026-06-12 15:40:39.410 INFO (MainThread) [homeassistant.setup] Setup of domain lawn_mower took 0.00 seconds
2026-06-12 15:40:39.414 INFO (MainThread) [homeassistant.setup] Setting up date
2026-06-12 15:40:39.415 INFO (MainThread) [homeassistant.setup] Setup of domain date took 0.00 seconds
2026-06-12 15:40:39.419 INFO (MainThread) [homeassistant.setup] Setting up time
2026-06-12 15:40:39.420 INFO (MainThread) [homeassistant.setup] Setup of domain time took 0.00 seconds
2026-06-12 15:40:39.443 INFO (MainThread) [homeassistant.setup] Setting up remote
2026-06-12 15:40:39.450 INFO (MainThread) [homeassistant.setup] Setup of domain remote took 0.01 seconds
2026-06-12 15:40:39.458 INFO (MainThread) [homeassistant.setup] Setting up media_source
2026-06-12 15:40:39.485 INFO (MainThread) [homeassistant.setup] Setup of domain media_source took 0.03 seconds
2026-06-12 15:40:39.507 INFO (MainThread) [homeassistant.setup] Setting up battery
2026-06-12 15:40:39.508 INFO (MainThread) [homeassistant.setup] Setup of domain battery took 0.00 seconds
2026-06-12 15:40:39.517 INFO (MainThread) [homeassistant.setup] Setting up input_text
2026-06-12 15:40:39.524 INFO (MainThread) [homeassistant.setup] Setup of domain input_text took 0.01 seconds
2026-06-12 15:40:39.527 INFO (MainThread) [homeassistant.setup] Setting up application_credentials
2026-06-12 15:40:39.536 INFO (MainThread) [homeassistant.setup] Setup of domain application_credentials took 0.01 seconds
2026-06-12 15:40:39.567 INFO (MainThread) [homeassistant.setup] Setting up input_datetime
2026-06-12 15:40:39.585 INFO (MainThread) [homeassistant.setup] Setup of domain input_datetime took 0.02 seconds
2026-06-12 15:40:39.595 INFO (MainThread) [homeassistant.setup] Setting up occupancy
2026-06-12 15:40:39.596 INFO (MainThread) [homeassistant.setup] Setup of domain occupancy took 0.00 seconds
2026-06-12 15:40:39.608 INFO (MainThread) [homeassistant.setup] Setting up hardware
2026-06-12 15:40:39.614 INFO (MainThread) [homeassistant.setup] Setting up temperature
2026-06-12 15:40:39.617 INFO (MainThread) [homeassistant.setup] Setup of domain temperature took 0.00 seconds
2026-06-12 15:40:39.623 INFO (MainThread) [homeassistant.setup] Setting up schedule
2026-06-12 15:40:39.633 INFO (MainThread) [homeassistant.setup] Setup of domain schedule took 0.01 seconds
2026-06-12 15:40:39.648 INFO (MainThread) [homeassistant.setup] Setting up power
2026-06-12 15:40:39.660 INFO (MainThread) [homeassistant.setup] Setup of domain power took 0.01 seconds
2026-06-12 15:40:39.682 INFO (MainThread) [homeassistant.setup] Setting up sun
2026-06-12 15:40:39.682 INFO (MainThread) [homeassistant.setup] Setup of domain sun took 0.00 seconds
2026-06-12 15:40:39.707 INFO (MainThread) [homeassistant.components.binary_sensor] Setting up sun.binary_sensor
2026-06-12 15:40:39.721 INFO (MainThread) [homeassistant.components.sensor] Setting up sun.sensor
2026-06-12 15:40:39.754 INFO (MainThread) [homeassistant.setup] Setting up window
2026-06-12 15:40:39.754 INFO (MainThread) [homeassistant.setup] Setup of domain window took 0.00 seconds
2026-06-12 15:40:39.760 INFO (MainThread) [homeassistant.setup] Setup of domain hardware took 0.15 seconds
2026-06-12 15:40:39.761 INFO (MainThread) [homeassistant.setup] Setting up gate
2026-06-12 15:40:39.764 INFO (MainThread) [homeassistant.setup] Setup of domain gate took 0.00 seconds
2026-06-12 15:40:39.774 INFO (MainThread) [homeassistant.setup] Setting up illuminance
2026-06-12 15:40:39.776 INFO (MainThread) [homeassistant.setup] Setup of domain illuminance took 0.00 seconds
2026-06-12 15:40:39.786 INFO (MainThread) [homeassistant.setup] Setting up door
2026-06-12 15:40:39.790 INFO (MainThread) [homeassistant.setup] Setup of domain door took 0.00 seconds
2026-06-12 15:40:39.795 INFO (MainThread) [homeassistant.setup] Setting up input_boolean
2026-06-12 15:40:39.800 INFO (MainThread) [homeassistant.setup] Setup of domain input_boolean took 0.00 seconds
2026-06-12 15:40:39.823 INFO (MainThread) [homeassistant.setup] Setting up moisture
2026-06-12 15:40:39.826 INFO (MainThread) [homeassistant.setup] Setup of domain moisture took 0.00 seconds
2026-06-12 15:40:39.829 INFO (MainThread) [homeassistant.setup] Setting up garage_door
2026-06-12 15:40:39.833 INFO (MainThread) [homeassistant.setup] Setup of domain garage_door took 0.00 seconds
2026-06-12 15:40:39.854 INFO (MainThread) [homeassistant.setup] Setting up brands
2026-06-12 15:40:39.861 INFO (MainThread) [homeassistant.setup] Setup of domain brands took 0.01 seconds
2026-06-12 15:40:39.865 INFO (MainThread) [homeassistant.setup] Setting up timer
2026-06-12 15:40:39.881 INFO (MainThread) [homeassistant.setup] Setup of domain timer took 0.02 seconds
2026-06-12 15:40:39.891 INFO (MainThread) [homeassistant.setup] Setting up tag
2026-06-12 15:40:39.904 INFO (MainThread) [homeassistant.setup] Setup of domain tag took 0.01 seconds
2026-06-12 15:40:39.908 INFO (MainThread) [homeassistant.setup] Setting up counter
2026-06-12 15:40:39.920 INFO (MainThread) [homeassistant.setup] Setup of domain counter took 0.01 seconds
2026-06-12 15:40:39.922 INFO (MainThread) [homeassistant.setup] Setting up humidity
2026-06-12 15:40:39.924 INFO (MainThread) [homeassistant.setup] Setup of domain humidity took 0.00 seconds
2026-06-12 15:40:39.937 INFO (MainThread) [homeassistant.setup] Setting up input_select
2026-06-12 15:40:39.954 INFO (MainThread) [homeassistant.setup] Setup of domain input_select took 0.02 seconds
2026-06-12 15:40:39.989 INFO (MainThread) [homeassistant.setup] Setting up motion
2026-06-12 15:40:40.016 INFO (MainThread) [homeassistant.setup] Setup of domain motion took 0.03 seconds
2026-06-12 15:40:41.021 INFO (MainThread) [homeassistant.setup] Setting up analytics
2026-06-12 15:40:41.037 INFO (MainThread) [homeassistant.setup] Setup of domain analytics took 0.02 seconds
2026-06-12 15:40:41.160 INFO (MainThread) [homeassistant.setup] Setting up tts
2026-06-12 15:40:41.162 INFO (SyncWorker_3) [homeassistant.components.tts] Create cache dir /workspaces/hass-handball.net/config/tts
2026-06-12 15:40:41.197 INFO (MainThread) [homeassistant.setup] Setup of domain tts took 0.04 seconds
2026-06-12 15:40:41.359 INFO (MainThread) [homeassistant.setup] Setting up conversation
2026-06-12 15:40:41.360 INFO (MainThread) [homeassistant.setup] Setup of domain conversation took 0.00 seconds
2026-06-12 15:40:41.751 ERROR (ImportExecutor_0) [homeassistant.components.camera.img_util] Error loading libturbojpeg; Camera snapshot performance will be sub-optimal
Traceback (most recent call last):
  File "/usr/local/lib/python3.14/site-packages/homeassistant/components/camera/img_util.py", line 93, in __init__
    TurboJPEGSingleton.__instance = TurboJPEG()
                                    ~~~~~~~~~^^
  File "/home/vscode/.local/lib/python3.14/site-packages/turbojpeg.py", line 301, in __init__
    self.__find_turbojpeg() if lib_path is None else lib_path)
    ~~~~~~~~~~~~~~~~~~~~~^^
  File "/home/vscode/.local/lib/python3.14/site-packages/turbojpeg.py", line 974, in __find_turbojpeg
    raise RuntimeError(
    ...<2 lines>...
        'e.g. jpeg = TurboJPEG(lib_path)')
RuntimeError: Unable to locate turbojpeg library automatically. You may specify the turbojpeg library path manually.
e.g. jpeg = TurboJPEG(lib_path)
2026-06-12 15:40:41.762 INFO (MainThread) [homeassistant.setup] Setting up camera
2026-06-12 15:40:41.771 INFO (MainThread) [homeassistant.setup] Setup of domain camera took 0.01 seconds
2026-06-12 15:40:41.796 INFO (MainThread) [homeassistant.components.event] Setting up backup.event
2026-06-12 15:40:41.800 INFO (MainThread) [homeassistant.helpers.entity_registry] Registered new event.backup entity: event.backup_automatic_backup
2026-06-12 15:40:41.805 INFO (MainThread) [homeassistant.components.sensor] Setting up backup.sensor
2026-06-12 15:40:41.810 INFO (MainThread) [homeassistant.helpers.entity_registry] Registered new sensor.backup entity: sensor.backup_backup_manager_state
2026-06-12 15:40:41.812 INFO (MainThread) [homeassistant.helpers.entity_registry] Registered new sensor.backup entity: sensor.backup_next_scheduled_automatic_backup
2026-06-12 15:40:41.812 INFO (MainThread) [homeassistant.helpers.entity_registry] Registered new sensor.backup entity: sensor.backup_last_successful_automatic_backup
2026-06-12 15:40:41.813 INFO (MainThread) [homeassistant.helpers.entity_registry] Registered new sensor.backup entity: sensor.backup_last_attempted_automatic_backup
2026-06-12 15:40:41.864 INFO (MainThread) [homeassistant.setup] Setting up assist_pipeline
2026-06-12 15:40:41.874 INFO (MainThread) [homeassistant.setup] Setup of domain assist_pipeline took 0.01 seconds
2026-06-12 15:40:41.893 INFO (MainThread) [homeassistant.setup] Setting up ai_task
2026-06-12 15:40:41.902 INFO (MainThread) [homeassistant.setup] Setup of domain ai_task took 0.01 seconds
2026-06-12 15:40:41.912 INFO (MainThread) [homeassistant.setup] Setting up image_processing
2026-06-12 15:40:41.916 INFO (MainThread) [homeassistant.setup] Setup of domain image_processing took 0.00 seconds
2026-06-12 15:40:41.949 INFO (MainThread) [homeassistant.setup] Setting up assist_satellite
2026-06-12 15:40:41.953 INFO (MainThread) [homeassistant.setup] Setup of domain assist_satellite took 0.00 seconds
2026-06-12 15:40:41.966 INFO (MainThread) [homeassistant.bootstrap] Home Assistant initialized in 4.22s
2026-06-12 15:40:41.967 INFO (MainThread) [homeassistant.core] Starting Home Assistant 2026.4.4
2026-06-12 15:41:08.178 INFO (MainThread) [homeassistant.helpers.entity_registry] Registered new person.person entity: person.test
2026-06-12 15:41:09.256 WARNING (MainThread) [asyncio] Executing <Task pending name='Task-337' coro=<RequestHandler._handle_request() running at /home/vscode/.local/lib/python3.14/site-packages/aiohttp/web_protocol.py:517> wait_for=<Future pending cb=[Task.task_wakeup()] created at /usr/local/lib/python3.14/asyncio/base_events.py:459> cb=[Task.task_wakeup()] created at /home/vscode/.local/lib/python3.14/site-packages/aiohttp/web_protocol.py:605> took 0.144 seconds
2026-06-12 15:41:11.520 WARNING (MainThread) [homeassistant.helpers.translation] Failed to load integration for translation: Invalid domain sun.binary_sensor
2026-06-12 15:41:11.522 WARNING (MainThread) [homeassistant.helpers.translation] Failed to load integration for translation: Invalid domain backup.event
2026-06-12 15:41:11.522 WARNING (MainThread) [homeassistant.helpers.translation] Failed to load integration for translation: Invalid domain homeassistant.scene
2026-06-12 15:41:11.522 WARNING (MainThread) [homeassistant.helpers.translation] Failed to load integration for translation: Invalid domain backup.sensor
2026-06-12 15:41:11.522 WARNING (MainThread) [homeassistant.helpers.translation] Failed to load integration for translation: Invalid domain sun.sensor
2026-06-12 15:41:11.668 INFO (SyncWorker_3) [homeassistant.loader] Loaded google_translate from homeassistant.components.google_translate
2026-06-12 15:41:11.673 INFO (SyncWorker_4) [homeassistant.loader] Loaded met from homeassistant.components.met
2026-06-12 15:41:11.682 INFO (SyncWorker_0) [homeassistant.util.package] Attempting install of gTTS==2.5.3
2026-06-12 15:41:11.685 INFO (SyncWorker_1) [homeassistant.loader] Loaded radio_browser from homeassistant.components.radio_browser
2026-06-12 15:41:11.689 INFO (SyncWorker_2) [homeassistant.loader] Loaded shopping_list from homeassistant.components.shopping_list
2026-06-12 15:41:11.709 INFO (MainThread) [homeassistant.setup] Setting up shopping_list
2026-06-12 15:41:11.722 INFO (MainThread) [homeassistant.setup] Setting up todo
2026-06-12 15:41:11.736 INFO (MainThread) [homeassistant.components.todo] Setting up shopping_list.todo
2026-06-12 15:41:11.739 INFO (MainThread) [homeassistant.helpers.entity_registry] Registered new todo.shopping_list entity: todo.einkaufsliste
2026-06-12 15:41:12.642 INFO (MainThread) [homeassistant.setup] Setting up google_translate
2026-06-12 15:41:12.648 INFO (SyncWorker_2) [homeassistant.util.package] Attempting install of PyMetno==0.13.0
2026-06-12 15:41:12.702 INFO (MainThread) [homeassistant.components.tts] Setting up google_translate.tts
2026-06-12 15:41:12.708 INFO (MainThread) [homeassistant.helpers.entity_registry] Registered new tts.google_translate entity: tts.google_ubersetzer_en_com_google_translate_en_com
2026-06-12 15:41:13.368 INFO (SyncWorker_4) [homeassistant.util.package] Attempting install of radios==0.3.2
2026-06-12 15:41:14.608 INFO (MainThread) [homeassistant.components.websocket_api.http.connection] [138803994512256] Received unknown command: recorder/info
2026-06-12 15:41:15.512 INFO (MainThread) [homeassistant.setup] Setting up radio_browser
2026-06-12 15:41:24.543 INFO (SyncWorker_1) [homeassistant.loader] Loaded waze_travel_time from homeassistant.components.waze_travel_time
2026-06-12 15:41:24.546 INFO (SyncWorker_1) [homeassistant.loader] Loaded homekit_controller from homeassistant.components.homekit_controller
2026-06-12 15:41:24.550 INFO (SyncWorker_1) [homeassistant.loader] Loaded alert from homeassistant.components.alert
2026-06-12 15:41:24.552 INFO (SyncWorker_1) [homeassistant.loader] Loaded filesize from homeassistant.components.filesize
2026-06-12 15:41:24.553 INFO (SyncWorker_1) [homeassistant.loader] Loaded filter from homeassistant.components.filter
2026-06-12 15:41:24.554 INFO (SyncWorker_1) [homeassistant.loader] Loaded nmap_tracker from homeassistant.components.nmap_tracker
2026-06-12 15:41:24.556 INFO (SyncWorker_1) [homeassistant.loader] Loaded garages_amsterdam from homeassistant.components.garages_amsterdam
2026-06-12 15:41:24.557 INFO (SyncWorker_1) [homeassistant.loader] Loaded min_max from homeassistant.components.min_max
2026-06-12 15:41:24.557 INFO (SyncWorker_1) [homeassistant.loader] Loaded moehlenhoff_alpha2 from homeassistant.components.moehlenhoff_alpha2
2026-06-12 15:41:24.560 INFO (SyncWorker_1) [homeassistant.loader] Loaded moon from homeassistant.components.moon
2026-06-12 15:41:24.562 INFO (SyncWorker_1) [homeassistant.loader] Loaded mobile_app from homeassistant.components.mobile_app
2026-06-12 15:41:24.562 INFO (SyncWorker_1) [homeassistant.loader] Loaded season from homeassistant.components.season
2026-06-12 15:41:24.562 INFO (SyncWorker_1) [homeassistant.loader] Loaded plant from homeassistant.components.plant
2026-06-12 15:41:24.563 INFO (SyncWorker_1) [homeassistant.loader] Loaded time_date from homeassistant.components.time_date
2026-06-12 15:41:24.563 INFO (SyncWorker_1) [homeassistant.loader] Loaded cpuspeed from homeassistant.components.cpuspeed
2026-06-12 15:41:24.564 INFO (SyncWorker_1) [homeassistant.loader] Loaded islamic_prayer_times from homeassistant.components.islamic_prayer_times
2026-06-12 15:41:24.564 INFO (SyncWorker_1) [homeassistant.loader] Loaded random from homeassistant.components.random
2026-06-12 15:41:24.565 INFO (SyncWorker_1) [homeassistant.loader] Loaded nextbus from homeassistant.components.nextbus
2026-06-12 15:41:24.566 INFO (SyncWorker_1) [homeassistant.loader] Loaded generic from homeassistant.components.generic
2026-06-12 15:41:24.566 INFO (SyncWorker_1) [homeassistant.loader] Loaded history_stats from homeassistant.components.history_stats
2026-06-12 15:41:24.567 INFO (SyncWorker_1) [homeassistant.loader] Loaded remote_calendar from homeassistant.components.remote_calendar
2026-06-12 15:41:24.568 INFO (SyncWorker_1) [homeassistant.loader] Loaded rpi_power from homeassistant.components.rpi_power
2026-06-12 15:41:24.569 INFO (SyncWorker_1) [homeassistant.loader] Loaded trend from homeassistant.components.trend
2026-06-12 15:41:24.579 INFO (SyncWorker_1) [homeassistant.loader] Loaded version from homeassistant.components.version
2026-06-12 15:41:24.579 INFO (SyncWorker_1) [homeassistant.loader] Loaded holiday from homeassistant.components.holiday
2026-06-12 15:41:24.580 INFO (SyncWorker_1) [homeassistant.loader] Loaded local_todo from homeassistant.components.local_todo
2026-06-12 15:41:24.580 INFO (SyncWorker_1) [homeassistant.loader] Loaded group from homeassistant.components.group
2026-06-12 15:41:24.581 INFO (SyncWorker_1) [homeassistant.loader] Loaded emulated_roku from homeassistant.components.emulated_roku
2026-06-12 15:41:24.582 INFO (SyncWorker_1) [homeassistant.loader] Loaded integration from homeassistant.components.integration
2026-06-12 15:41:24.582 INFO (SyncWorker_1) [homeassistant.loader] Loaded mold_indicator from homeassistant.components.mold_indicator
2026-06-12 15:41:24.583 INFO (SyncWorker_1) [homeassistant.loader] Loaded irm_kmi from homeassistant.components.irm_kmi
2026-06-12 15:41:24.583 INFO (SyncWorker_1) [homeassistant.loader] Loaded local_calendar from homeassistant.components.local_calendar
2026-06-12 15:41:24.584 INFO (SyncWorker_1) [homeassistant.loader] Loaded energenie_power_sockets from homeassistant.components.energenie_power_sockets
2026-06-12 15:41:24.585 INFO (SyncWorker_1) [homeassistant.loader] Loaded google_travel_time from homeassistant.components.google_travel_time
2026-06-12 15:41:24.585 INFO (SyncWorker_1) [homeassistant.loader] Loaded zodiac from homeassistant.components.zodiac
2026-06-12 15:41:24.586 INFO (SyncWorker_1) [homeassistant.loader] Loaded uptime from homeassistant.components.uptime
2026-06-12 15:41:24.586 INFO (SyncWorker_1) [homeassistant.loader] Loaded cert_expiry from homeassistant.components.cert_expiry
2026-06-12 15:41:24.587 INFO (SyncWorker_1) [homeassistant.loader] Loaded local_ip from homeassistant.components.local_ip
2026-06-12 15:41:24.588 INFO (SyncWorker_1) [homeassistant.loader] Loaded generic_hygrostat from homeassistant.components.generic_hygrostat
2026-06-12 15:41:24.589 INFO (SyncWorker_1) [homeassistant.loader] Loaded threshold from homeassistant.components.threshold
2026-06-12 15:41:24.589 INFO (SyncWorker_1) [homeassistant.loader] Loaded aurora from homeassistant.components.aurora
2026-06-12 15:41:24.591 INFO (SyncWorker_1) [homeassistant.loader] Loaded demo from homeassistant.components.demo
2026-06-12 15:41:24.591 INFO (SyncWorker_1) [homeassistant.loader] Loaded derivative from homeassistant.components.derivative
2026-06-12 15:41:24.591 INFO (SyncWorker_1) [homeassistant.loader] Loaded tod from homeassistant.components.tod
2026-06-12 15:41:24.592 INFO (SyncWorker_1) [homeassistant.loader] Loaded vegehub from homeassistant.components.vegehub
2026-06-12 15:41:24.593 INFO (SyncWorker_1) [homeassistant.loader] Loaded workday from homeassistant.components.workday
2026-06-12 15:41:24.595 INFO (SyncWorker_1) [homeassistant.loader] Loaded statistics from homeassistant.components.statistics
2026-06-12 15:41:24.595 INFO (SyncWorker_1) [homeassistant.loader] Loaded utility_meter from homeassistant.components.utility_meter
2026-06-12 15:41:24.596 INFO (SyncWorker_1) [homeassistant.loader] Loaded proximity from homeassistant.components.proximity
2026-06-12 15:41:24.596 INFO (SyncWorker_1) [homeassistant.loader] Loaded growatt_server from homeassistant.components.growatt_server
2026-06-12 15:41:24.601 INFO (SyncWorker_1) [homeassistant.loader] Loaded generic_thermostat from homeassistant.components.generic_thermostat
2026-06-12 15:41:27.946 WARNING (MainThread) [homeassistant.util.loop] Detected blocking call to import_module with args ('custom_components.handballnet.config_flow',) inside the event loop by integration 'config' at homeassistant/components/config/config_entries.py, line 195: return await super()._post_impl(request, data) (offender: /usr/local/lib/python3.14/site-packages/homeassistant/loader.py, line 1312: return importlib.import_module(f"{self.pkg_path}.{platform_name}")), please create a bug report at https://github.com/home-assistant/core/issues?q=is%3Aopen+is%3Aissue+label%3A%22integration%3A+config%22
For developers, please see https://developers.home-assistant.io/docs/asyncio_blocking_operations/#import_module
Traceback (most recent call last):
  File "/usr/local/bin/hass", line 6, in <module>
    sys.exit(main())
  File "/usr/local/lib/python3.14/site-packages/homeassistant/__main__.py", line 215, in main
    exit_code = runner.run(runtime_conf)
  File "/usr/local/lib/python3.14/site-packages/homeassistant/runner.py", line 289, in run
    return loop.run_until_complete(setup_and_run_hass(runtime_config))
  File "/usr/local/lib/python3.14/asyncio/base_events.py", line 706, in run_until_complete
    self.run_forever()
  File "/usr/local/lib/python3.14/asyncio/base_events.py", line 677, in run_forever
    self._run_once()
  File "/usr/local/lib/python3.14/asyncio/base_events.py", line 2049, in _run_once
    handle._run()
  File "/usr/local/lib/python3.14/asyncio/events.py", line 94, in _run
    self._context.run(self._callback, *self._args)
  File "/home/vscode/.local/lib/python3.14/site-packages/aiohttp/web_protocol.py", line 517, in _handle_request
    resp = await request_handler(request)
  File "/home/vscode/.local/lib/python3.14/site-packages/aiohttp/web_app.py", line 569, in _handle
    return await handler(request)
  File "/home/vscode/.local/lib/python3.14/site-packages/aiohttp/web_middlewares.py", line 117, in impl
    return await handler(request)
  File "/usr/local/lib/python3.14/site-packages/homeassistant/components/http/security_filter.py", line 92, in security_filter_middleware
    return await handler(request)
  File "/usr/local/lib/python3.14/site-packages/homeassistant/components/http/forwarded.py", line 87, in forwarded_middleware
    return await handler(request)
  File "/usr/local/lib/python3.14/site-packages/homeassistant/components/http/request_context.py", line 26, in request_context_middleware
    return await handler(request)
  File "/usr/local/lib/python3.14/site-packages/homeassistant/components/http/ban.py", line 90, in ban_middleware
    return await handler(request)
  File "/usr/local/lib/python3.14/site-packages/homeassistant/components/http/auth.py", line 263, in auth_middleware
    return await handler(request)
  File "/usr/local/lib/python3.14/site-packages/homeassistant/components/http/headers.py", line 41, in headers_middleware
    response = await handler(request)
  File "/usr/local/lib/python3.14/site-packages/homeassistant/helpers/http.py", line 89, in handle
    result = await handler(request, **request.match_info)
  File "/usr/local/lib/python3.14/site-packages/homeassistant/components/http/decorators.py", line 83, in with_admin
    return await func(self, request, *args, **kwargs)
  File "/usr/local/lib/python3.14/site-packages/homeassistant/components/http/data_validator.py", line 74, in wrapper
    return await method(view, request, data, *args, **kwargs)
  File "/usr/local/lib/python3.14/site-packages/homeassistant/components/config/config_entries.py", line 188, in post
    return await self._post_impl(request, data)
  File "/usr/local/lib/python3.14/site-packages/homeassistant/components/config/config_entries.py", line 195, in _post_impl
    return await super()._post_impl(request, data)

2026-06-12 15:41:27.981 ERROR (MainThread) [homeassistant.config_entries] Error occurred loading flow for integration handballnet: cannot import name 'CONF_CLUB_ID' from 'custom_components.handballnet.const' (/workspaces/hass-handball.net/custom_components/handballnet/const.py)
